<?xml version="1.0" encoding="UTF-8"?>
<!-- Generated by org.testng.reporters.JUnitReportReporter -->
<testsuite skipped="0" hostname="LAPTOP-U6N7CFLI" name="MeridianPackages.AnnouncementsFullCode" tests="1" failures="0" timestamp="24 Dec 2017 00:08:47 GMT" time="90.377" errors="0">
  <testcase name="AnnouncementCreation" time="90.377" classname="MeridianPackages.AnnouncementsFullCode"/>
</testsuite> <!-- MeridianPackages.AnnouncementsFullCode -->
