<?xml version="1.0" encoding="UTF-8"?>
<!-- Generated by org.testng.reporters.JUnitReportReporter -->
<testsuite skipped="0" hostname="PUN-PREMG" name="MeridianPackages.AnnouncementsFullCode" tests="1" failures="0" timestamp="28 Dec 2017 14:40:03 GMT" time="132.427" errors="0">
  <testcase name="AnnouncementCreation_Fullcode" time="132.427" classname="MeridianPackages.AnnouncementsFullCode"/>
</testsuite> <!-- MeridianPackages.AnnouncementsFullCode -->
