<?xml version="1.0" encoding="UTF-8"?>
<!-- Generated by org.testng.reporters.JUnitReportReporter -->
<testsuite skipped="0" hostname="PUN-PREMG" name="MeridianPackages.AnnouncementsFullCode" tests="1" failures="0" timestamp="26 Dec 2017 13:04:13 GMT" time="76.706" errors="0">
  <testcase name="AnnouncementCreation_Fullcode" time="76.706" classname="MeridianPackages.AnnouncementsFullCode"/>
</testsuite> <!-- MeridianPackages.AnnouncementsFullCode -->
