<?xml version="1.0" encoding="UTF-8"?>
<!-- Generated by org.testng.reporters.JUnitReportReporter -->
<testsuite skipped="0" hostname="LAPTOP-U6N7CFLI" name="MeridianPackages.Announcements" tests="1" failures="0" timestamp="25 Dec 2017 08:54:56 GMT" time="196.346" errors="0">
  <testcase name="AnnouncementCreation" time="196.346" classname="MeridianPackages.Announcements"/>
</testsuite> <!-- MeridianPackages.Announcements -->
