<?xml version="1.0" encoding="UTF-8"?>
<!-- Generated by org.testng.reporters.JUnitReportReporter -->
<testsuite skipped="0" hostname="LAPTOP-U6N7CFLI" name="MeridianPackages.Announcements" tests="1" failures="0" timestamp="23 Dec 2017 23:36:27 GMT" time="78.319" errors="0">
  <testcase name="AnnouncementCreation" time="78.319" classname="MeridianPackages.Announcements"/>
</testsuite> <!-- MeridianPackages.Announcements -->
