<?xml version="1.0" encoding="UTF-8"?>
<!-- Generated by org.testng.reporters.JUnitReportReporter -->
<testsuite skipped="0" hostname="LAPTOP-U6N7CFLI" name="MeridianPackages.AnnouncementsFullCode" tests="1" failures="0" timestamp="28 Dec 2017 19:32:20 GMT" time="119.531" errors="0">
  <testcase name="AnnouncementCreation_Fullcode" time="119.531" classname="MeridianPackages.AnnouncementsFullCode"/>
</testsuite> <!-- MeridianPackages.AnnouncementsFullCode -->
