<?xml version="1.0" encoding="UTF-8"?>
<!-- Generated by org.testng.reporters.JUnitReportReporter -->
<testsuite skipped="0" hostname="LAPTOP-U6N7CFLI" name="MeridianPackages.Announcements" tests="1" failures="0" timestamp="26 Dec 2017 20:16:27 GMT" time="143.353" errors="0">
  <testcase name="AnnouncementCreation_Framework" time="143.353" classname="MeridianPackages.Announcements"/>
</testsuite> <!-- MeridianPackages.Announcements -->
