<?xml version="1.0" encoding="UTF-8"?>
<!-- Generated by org.testng.reporters.JUnitReportReporter -->
<testsuite skipped="0" hostname="LAPTOP-U6N7CFLI" name="MeridianPackages.BasicTest" tests="1" failures="0" timestamp="28 Dec 2017 20:51:27 GMT" time="0.619" errors="0">
  <testcase name="verifysum" time="0.619" classname="MeridianPackages.BasicTest"/>
</testsuite> <!-- MeridianPackages.BasicTest -->
