<?xml version="1.0" encoding="UTF-8"?>
<!-- Generated by org.testng.reporters.JUnitReportReporter -->
<testsuite skipped="0" hostname="LAPTOP-U6N7CFLI" name="MeridianPackages.AnnouncementsFullCode" tests="1" failures="0" timestamp="25 Dec 2017 09:35:57 GMT" time="142.684" errors="0">
  <testcase name="AnnouncementCreation" time="142.684" classname="MeridianPackages.AnnouncementsFullCode"/>
</testsuite> <!-- MeridianPackages.AnnouncementsFullCode -->
