<?xml version="1.0" encoding="UTF-8"?>
<!-- Generated by org.testng.reporters.JUnitReportReporter -->
<testsuite skipped="0" hostname="PUN-PREMG" name="MeridianPackages.AnnouncementsFullCode" tests="1" failures="0" timestamp="26 Dec 2017 06:44:19 GMT" time="95.276" errors="0">
  <testcase name="AnnouncementCreation" time="95.276" classname="MeridianPackages.AnnouncementsFullCode"/>
</testsuite> <!-- MeridianPackages.AnnouncementsFullCode -->
