<?xml version="1.0" encoding="UTF-8"?>
<!-- Generated by org.testng.reporters.JUnitReportReporter -->
<testsuite skipped="0" hostname="LAPTOP-U6N7CFLI" name="MeridianPackages.AnnouncementsFullCode" tests="1" failures="0" timestamp="23 Dec 2017 23:42:15 GMT" time="93.941" errors="0">
  <testcase name="AnnouncementCreation" time="93.941" classname="MeridianPackages.AnnouncementsFullCode"/>
</testsuite> <!-- MeridianPackages.AnnouncementsFullCode -->
